Using pre-set license
Built from '2020.3/staging' branch; Version is '2020.3.5f1 (8095aa901b9b) revision 8426922'; Using compiler version '192528614'; Build Type 'Release'
OS: 'Windows 10 Home; OS build 19042.985; Version 2009; 64bit' Language: 'zh' Physical Memory: 16268 MB
BatchMode: 1, IsHumanControllingUs: 0, StartBugReporterOnCrash: 0, Is64bit: 1, IsPro: 0

 COMMAND LINE ARGUMENTS:
D:\Program Files (x86)\2020.3.5f1\Editor\Unity.exe
-adb2
-batchMode
-noUpm
-name
AssetImportWorker0
-projectPath
D:/DSV/TME/TME2021-Grupp5/Kulturkrocken_Grupp5
-logFile
Logs/AssetImportWorker0.log
-srvPort
8716
Successfully changed project path to: D:/DSV/TME/TME2021-Grupp5/Kulturkrocken_Grupp5
D:/DSV/TME/TME2021-Grupp5/Kulturkrocken_Grupp5
Using Asset Import Pipeline V2.
Refreshing native plugins compatible for Editor in 47.98 ms, found 0 plugins.
Preloading 0 native plugins for Editor in 0.00 ms.
Initialize engine version: 2020.3.5f1 (8095aa901b9b)
[Subsystems] Discovering subsystems at path D:/Program Files (x86)/2020.3.5f1/Editor/Data/Resources/UnitySubsystems
[Subsystems] Discovering subsystems at path D:/DSV/TME/TME2021-Grupp5/Kulturkrocken_Grupp5/Assets
GfxDevice: creating device client; threaded=0
Direct3D:
    Version:  Direct3D 11.0 [level 11.1]
    Renderer: NVIDIA GeForce GTX 1050 Ti (ID=0x1c8c)
    Vendor:   
    VRAM:     4021 MB
    Driver:   26.21.14.4614
Initialize mono
Mono path[0] = 'D:/Program Files (x86)/2020.3.5f1/Editor/Data/Managed'
Mono path[1] = 'D:/Program Files (x86)/2020.3.5f1/Editor/Data/MonoBleedingEdge/lib/mono/unityjit'
Mono config path = 'D:/Program Files (x86)/2020.3.5f1/Editor/Data/MonoBleedingEdge/etc'
Using monoOptions --debugger-agent=transport=dt_socket,embedding=1,server=y,suspend=n,address=127.0.0.1:56332
Begin MonoManager ReloadAssembly
Registering precompiled unity dll's ...
Register platform support module: D:/Program Files (x86)/2020.3.5f1/Editor/Data/PlaybackEngines/MacStandaloneSupport/UnityEditor.OSXStandalone.Extensions.dll
Register platform support module: D:/Program Files (x86)/2020.3.5f1/Editor/Data/PlaybackEngines/WindowsStandaloneSupport/UnityEditor.WindowsStandalone.Extensions.dll
Registered in 0.008787 seconds.
Native extension for WindowsStandalone target not found
Native extension for OSXStandalone target not found
Refreshing native plugins compatible for Editor in 32.66 ms, found 0 plugins.
Preloading 0 native plugins for Editor in 0.00 ms.
Mono: successfully reloaded assembly
- Completed reload, in  3.479 seconds
Platform modules already initialized, skipping
Registering precompiled user dll's ...
Registered in 0.007023 seconds.
Begin MonoManager ReloadAssembly
Native extension for WindowsStandalone target not found
Native extension for OSXStandalone target not found
Refreshing native plugins compatible for Editor in 0.33 ms, found 0 plugins.
Preloading 0 native plugins for Editor in 0.00 ms.
Mono: successfully reloaded assembly
- Completed reload, in  1.190 seconds
Platform modules already initialized, skipping
========================================================================
Worker process is ready to serve import requests
Launched and connected shader compiler UnityShaderCompiler.exe after 0.16 seconds
Refreshing native plugins compatible for Editor in 0.34 ms, found 0 plugins.
Preloading 0 native plugins for Editor in 0.00 ms.
Unloading 1592 Unused Serialized files (Serialized files now loaded: 0)
System memory in use before: 74.4 MB.
System memory in use after: 74.4 MB.

Unloading 15 unused Assets to reduce memory usage. Loaded Objects now: 2032.
Total: 1.975100 ms (FindLiveObjects: 0.246500 ms CreateObjectMapping: 0.063100 ms MarkObjects: 1.537900 ms  DeleteObjects: 0.126400 ms)

========================================================================
Received Import Request.
  path: Assets/MemoryGame/Assets/Scenes/GameScene.unity
  artifactKey: Guid(6796c4dbb46aa7548824d56c5b350465) Importer(815301076,1909f56bfc062723c751e8b465ee728b)
Start importing Assets/MemoryGame/Assets/Scenes/GameScene.unity using Guid(6796c4dbb46aa7548824d56c5b350465) Importer(815301076,1909f56bfc062723c751e8b465ee728b)  -> (artifact id: '6d3e8a7f61453988adfa526f3ef54d26') in 0.014859 seconds
  Import took 0.017354 seconds .

AssetImportWorkerClient::OnTransportError - code=2 error=End of file
