Using pre-set license
Built from '2020.3/staging' branch; Version is '2020.3.5f1 (8095aa901b9b) revision 8426922'; Using compiler version '192528614'; Build Type 'Release'
OS: 'Windows 10 Home; OS build 19042.985; Version 2009; 64bit' Language: 'en' Physical Memory: 8066 MB
BatchMode: 1, IsHumanControllingUs: 0, StartBugReporterOnCrash: 0, Is64bit: 1, IsPro: 0

 COMMAND LINE ARGUMENTS:
C:\Program Files\Unity\Hub\Editor\2020.3.5f1\Editor\Unity.exe
-adb2
-batchMode
-noUpm
-name
AssetImportWorker0
-projectPath
C:/Users/46762/Documents/GitHub/TME2021-Grupp5/Kulturkrocken_Grupp5
-logFile
Logs/AssetImportWorker0.log
-srvPort
53626
Successfully changed project path to: C:/Users/46762/Documents/GitHub/TME2021-Grupp5/Kulturkrocken_Grupp5
C:/Users/46762/Documents/GitHub/TME2021-Grupp5/Kulturkrocken_Grupp5
Using Asset Import Pipeline V2.
Refreshing native plugins compatible for Editor in 30.29 ms, found 0 plugins.
Preloading 0 native plugins for Editor in 0.00 ms.
Initialize engine version: 2020.3.5f1 (8095aa901b9b)
[Subsystems] Discovering subsystems at path C:/Program Files/Unity/Hub/Editor/2020.3.5f1/Editor/Data/Resources/UnitySubsystems
[Subsystems] Discovering subsystems at path C:/Users/46762/Documents/GitHub/TME2021-Grupp5/Kulturkrocken_Grupp5/Assets
GfxDevice: creating device client; threaded=0
Direct3D:
    Version:  Direct3D 11.0 [level 11.1]
    Renderer: NVIDIA GeForce GTX 1050 Ti (ID=0x1c8c)
    Vendor:   
    VRAM:     4018 MB
    Driver:   27.21.14.6172
Initialize mono
Mono path[0] = 'C:/Program Files/Unity/Hub/Editor/2020.3.5f1/Editor/Data/Managed'
Mono path[1] = 'C:/Program Files/Unity/Hub/Editor/2020.3.5f1/Editor/Data/MonoBleedingEdge/lib/mono/unityjit'
Mono config path = 'C:/Program Files/Unity/Hub/Editor/2020.3.5f1/Editor/Data/MonoBleedingEdge/etc'
Using monoOptions --debugger-agent=transport=dt_socket,embedding=1,server=y,suspend=n,address=127.0.0.1:56400
Begin MonoManager ReloadAssembly
Registering precompiled unity dll's ...
Register platform support module: C:/Program Files/Unity/Hub/Editor/2020.3.5f1/Editor/Data/PlaybackEngines/WindowsStandaloneSupport/UnityEditor.WindowsStandalone.Extensions.dll
Registered in 0.002229 seconds.
Native extension for WindowsStandalone target not found
Refreshing native plugins compatible for Editor in 27.87 ms, found 0 plugins.
Preloading 0 native plugins for Editor in 0.00 ms.
Mono: successfully reloaded assembly
- Completed reload, in  1.773 seconds
Platform modules already initialized, skipping
Registering precompiled user dll's ...
Registered in 0.002472 seconds.
Begin MonoManager ReloadAssembly
Native extension for WindowsStandalone target not found
Refreshing native plugins compatible for Editor in 0.30 ms, found 0 plugins.
Preloading 0 native plugins for Editor in 0.00 ms.
Mono: successfully reloaded assembly
- Completed reload, in  0.881 seconds
Platform modules already initialized, skipping
========================================================================
Worker process is ready to serve import requests
Launched and connected shader compiler UnityShaderCompiler.exe after 0.05 seconds
Refreshing native plugins compatible for Editor in 0.29 ms, found 0 plugins.
Preloading 0 native plugins for Editor in 0.00 ms.
Unloading 1621 Unused Serialized files (Serialized files now loaded: 0)
System memory in use before: 72.6 MB.
System memory in use after: 72.6 MB.

Unloading 16 unused Assets to reduce memory usage. Loaded Objects now: 2060.
Total: 2.155500 ms (FindLiveObjects: 0.405300 ms CreateObjectMapping: 0.216200 ms MarkObjects: 1.455700 ms  DeleteObjects: 0.076200 ms)

========================================================================
Received Import Request.
  path: Assets/ZM/Assets
  artifactKey: Guid(e8cf869c945d32f479833e8d1a477664) Importer(815301076,1909f56bfc062723c751e8b465ee728b)
Start importing Assets/ZM/Assets using Guid(e8cf869c945d32f479833e8d1a477664) Importer(815301076,1909f56bfc062723c751e8b465ee728b)  -> (artifact id: '28d927fa0da3813dd09ec8946403604d') in 0.008425 seconds
  Import took 0.010804 seconds .

========================================================================
Received Import Request.
  Time since last request: 0.000253 seconds.
  path: Assets/ZM
  artifactKey: Guid(042c641fcb234b3438330b9b90cb898e) Importer(815301076,1909f56bfc062723c751e8b465ee728b)
Start importing Assets/ZM using Guid(042c641fcb234b3438330b9b90cb898e) Importer(815301076,1909f56bfc062723c751e8b465ee728b)  -> (artifact id: '893858cb6334d60c66acc0bfe57faa71') in 0.006303 seconds
  Import took 0.008532 seconds .

========================================================================
Received Import Request.
  Time since last request: 0.000280 seconds.
  path: Assets/ZM/Assets/Scenes
  artifactKey: Guid(b1d87817db16f1c4d98d60c18ca25b88) Importer(815301076,1909f56bfc062723c751e8b465ee728b)
Start importing Assets/ZM/Assets/Scenes using Guid(b1d87817db16f1c4d98d60c18ca25b88) Importer(815301076,1909f56bfc062723c751e8b465ee728b)  -> (artifact id: '24207560a06d610ffe338127eddbf277') in 0.008225 seconds
  Import took 0.011119 seconds .

========================================================================
Received Import Request.
  Time since last request: 1.959463 seconds.
  path: Assets/ZM/Assets/Scenes/Menu.unity
  artifactKey: Guid(aa45e621265befd4c838395940b02300) Importer(815301076,1909f56bfc062723c751e8b465ee728b)
Start importing Assets/ZM/Assets/Scenes/Menu.unity using Guid(aa45e621265befd4c838395940b02300) Importer(815301076,1909f56bfc062723c751e8b465ee728b)  -> (artifact id: '3deb30ab261efec37ed8fd312489b2e5') in 0.015427 seconds
  Import took 0.018104 seconds .

